2023-10-17T10:37:03.230+09:00  INFO 8232 --- [restartedMain] kr.co.sboard.SboardApplication           : Starting SboardApplication using Java 17.0.8 with PID 8232 (C:\Users\Java.DESKTOP-6PB29LQ\Desktop\workspace\Spring\Sboard\build\classes\java\main started by Java in C:\Users\Java.DESKTOP-6PB29LQ\Desktop\workspace\Spring\Sboard)
2023-10-17T10:37:03.234+09:00  INFO 8232 --- [restartedMain] kr.co.sboard.SboardApplication           : No active profile set, falling back to 1 default profile: "default"
2023-10-17T10:37:03.362+09:00  INFO 8232 --- [restartedMain] .e.DevToolsPropertyDefaultsPostProcessor : Devtools property defaults active! Set 'spring.devtools.add-properties' to 'false' to disable
2023-10-17T10:37:03.362+09:00  INFO 8232 --- [restartedMain] .e.DevToolsPropertyDefaultsPostProcessor : For additional web related logging consider setting the 'logging.level.web' property to 'DEBUG'
2023-10-17T10:37:03.702+09:00  INFO 8232 --- [restartedMain] .s.d.r.c.RepositoryConfigurationDelegate : Bootstrapping Spring Data JPA repositories in DEFAULT mode.
2023-10-17T10:37:03.733+09:00  INFO 8232 --- [restartedMain] .s.d.r.c.RepositoryConfigurationDelegate : Finished Spring Data repository scanning in 25 ms. Found 4 JPA repository interfaces.
2023-10-17T10:37:03.797+09:00  WARN 8232 --- [restartedMain] o.m.s.mapper.ClassPathMapperScanner      : No MyBatis mapper was found in '[kr.co.sboard]' package. Please check your configuration.
2023-10-17T10:37:04.068+09:00  INFO 8232 --- [restartedMain] o.s.b.w.embedded.tomcat.TomcatWebServer  : Tomcat initialized with port(s): 8080 (http)
2023-10-17T10:37:04.077+09:00  INFO 8232 --- [restartedMain] o.apache.catalina.core.StandardService   : Starting service [Tomcat]
2023-10-17T10:37:04.078+09:00  INFO 8232 --- [restartedMain] o.apache.catalina.core.StandardEngine    : Starting Servlet engine: [Apache Tomcat/10.1.13]
2023-10-17T10:37:04.122+09:00  INFO 8232 --- [restartedMain] o.a.c.c.C.[Tomcat].[localhost].[/]       : Initializing Spring embedded WebApplicationContext
2023-10-17T10:37:04.122+09:00  INFO 8232 --- [restartedMain] w.s.c.ServletWebServerApplicationContext : Root WebApplicationContext: initialization completed in 759 ms
2023-10-17T10:37:04.207+09:00  INFO 8232 --- [restartedMain] o.hibernate.jpa.internal.util.LogHelper  : HHH000204: Processing PersistenceUnitInfo [name: default]
2023-10-17T10:37:04.242+09:00  INFO 8232 --- [restartedMain] org.hibernate.Version                    : HHH000412: Hibernate ORM core version 6.2.9.Final
2023-10-17T10:37:04.244+09:00  INFO 8232 --- [restartedMain] org.hibernate.cfg.Environment            : HHH000406: Using bytecode reflection optimizer
2023-10-17T10:37:04.329+09:00  INFO 8232 --- [restartedMain] o.h.b.i.BytecodeProviderInitiator        : HHH000021: Bytecode provider name : bytebuddy
2023-10-17T10:37:04.421+09:00  INFO 8232 --- [restartedMain] o.s.o.j.p.SpringPersistenceUnitInfo      : No LoadTimeWeaver setup: ignoring JPA class transformer
2023-10-17T10:37:04.433+09:00  INFO 8232 --- [restartedMain] com.zaxxer.hikari.HikariDataSource       : HikariPool-1 - Starting...
2023-10-17T10:37:04.663+09:00  INFO 8232 --- [restartedMain] com.zaxxer.hikari.pool.HikariPool        : HikariPool-1 - Added connection com.mysql.cj.jdbc.ConnectionImpl@46854069
2023-10-17T10:37:04.667+09:00  INFO 8232 --- [restartedMain] com.zaxxer.hikari.HikariDataSource       : HikariPool-1 - Start completed.
2023-10-17T10:37:04.807+09:00  WARN 8232 --- [restartedMain] org.hibernate.orm.deprecation            : HHH90000026: MySQL57Dialect has been deprecated; use org.hibernate.dialect.MySQLDialect instead
2023-10-17T10:37:04.919+09:00  INFO 8232 --- [restartedMain] o.h.b.i.BytecodeProviderInitiator        : HHH000021: Bytecode provider name : bytebuddy
2023-10-17T10:37:05.279+09:00  INFO 8232 --- [restartedMain] o.h.e.t.j.p.i.JtaPlatformInitiator       : HHH000490: Using JtaPlatform implementation: [org.hibernate.engine.transaction.jta.platform.internal.NoJtaPlatform]
2023-10-17T10:37:05.281+09:00  INFO 8232 --- [restartedMain] j.LocalContainerEntityManagerFactoryBean : Initialized JPA EntityManagerFactory for persistence unit 'default'
2023-10-17T10:37:05.527+09:00  WARN 8232 --- [restartedMain] JpaBaseConfiguration$JpaWebConfiguration : spring.jpa.open-in-view is enabled by default. Therefore, database queries may be performed during view rendering. Explicitly configure spring.jpa.open-in-view to disable this warning
2023-10-17T10:37:05.669+09:00  INFO 8232 --- [restartedMain] o.s.s.web.DefaultSecurityFilterChain     : Will secure any request with [org.springframework.security.web.session.DisableEncodeUrlFilter@48e6faab, org.springframework.security.web.context.request.async.WebAsyncManagerIntegrationFilter@3ff4649, org.springframework.security.web.context.SecurityContextHolderFilter@199618b7, org.springframework.security.web.header.HeaderWriterFilter@54c811f4, org.springframework.security.web.authentication.logout.LogoutFilter@15489640, org.springframework.security.web.authentication.UsernamePasswordAuthenticationFilter@1de6821f, org.springframework.security.web.savedrequest.RequestCacheAwareFilter@6a1a9cb6, org.springframework.security.web.servletapi.SecurityContextHolderAwareRequestFilter@447cd942, org.springframework.security.web.authentication.AnonymousAuthenticationFilter@6bd32482, org.springframework.security.web.access.ExceptionTranslationFilter@262469c4, org.springframework.security.web.access.intercept.AuthorizationFilter@3a2e3f89]
2023-10-17T10:37:05.835+09:00  INFO 8232 --- [restartedMain] o.s.b.d.a.OptionalLiveReloadServer       : LiveReload server is running on port 35729
2023-10-17T10:37:05.849+09:00  INFO 8232 --- [restartedMain] o.s.b.w.embedded.tomcat.TomcatWebServer  : Tomcat started on port(s): 8080 (http) with context path ''
2023-10-17T10:37:05.853+09:00  INFO 8232 --- [restartedMain] kr.co.sboard.SboardApplication           : Started SboardApplication in 2.869 seconds (process running for 3.105)
2023-10-17T10:37:10.587+09:00  INFO 8232 --- [http-nio-8080-exec-1] o.a.c.c.C.[Tomcat].[localhost].[/]       : Initializing Spring DispatcherServlet 'dispatcherServlet'
2023-10-17T10:37:10.587+09:00  INFO 8232 --- [http-nio-8080-exec-1] o.s.web.servlet.DispatcherServlet        : Initializing Servlet 'dispatcherServlet'
2023-10-17T10:37:10.588+09:00  INFO 8232 --- [http-nio-8080-exec-1] o.s.web.servlet.DispatcherServlet        : Completed initialization in 1 ms
2023-10-17T10:37:10.592+09:00 DEBUG 8232 --- [http-nio-8080-exec-1] o.s.security.web.FilterChainProxy        : Securing GET /
2023-10-17T10:37:10.602+09:00 DEBUG 8232 --- [http-nio-8080-exec-1] o.s.s.w.a.AnonymousAuthenticationFilter  : Set SecurityContextHolder to anonymous SecurityContext
2023-10-17T10:37:10.615+09:00 DEBUG 8232 --- [http-nio-8080-exec-1] o.s.s.w.s.HttpSessionRequestCache        : Saved request http://localhost:8080/?continue to session
2023-10-17T10:37:10.615+09:00 DEBUG 8232 --- [http-nio-8080-exec-1] o.s.s.web.DefaultRedirectStrategy        : Redirecting to http://localhost:8080/user/login
2023-10-17T10:37:10.619+09:00 DEBUG 8232 --- [http-nio-8080-exec-2] o.s.security.web.FilterChainProxy        : Securing GET /user/login
2023-10-17T10:37:10.620+09:00 DEBUG 8232 --- [http-nio-8080-exec-2] o.s.security.web.FilterChainProxy        : Secured GET /user/login
2023-10-17T10:37:10.783+09:00 DEBUG 8232 --- [http-nio-8080-exec-2] o.s.s.w.a.AnonymousAuthenticationFilter  : Set SecurityContextHolder to anonymous SecurityContext
2023-10-17T10:37:10.790+09:00 DEBUG 8232 --- [http-nio-8080-exec-3] o.s.security.web.FilterChainProxy        : Securing GET /vendor/bootstrap/css/bootstrap.min.css
2023-10-17T10:37:10.792+09:00 DEBUG 8232 --- [http-nio-8080-exec-5] o.s.security.web.FilterChainProxy        : Securing GET /dist/css/sb-admin-2.css
2023-10-17T10:37:10.792+09:00 DEBUG 8232 --- [http-nio-8080-exec-4] o.s.security.web.FilterChainProxy        : Securing GET /vendor/metisMenu/metisMenu.min.css
2023-10-17T10:37:10.793+09:00 DEBUG 8232 --- [http-nio-8080-exec-7] o.s.security.web.FilterChainProxy        : Securing GET /vendor/jquery/jquery.min.js
2023-10-17T10:37:10.793+09:00 DEBUG 8232 --- [http-nio-8080-exec-10] o.s.security.web.FilterChainProxy        : Securing GET /vendor/font-awesome/css/font-awesome.min.css
2023-10-17T10:37:10.793+09:00 DEBUG 8232 --- [http-nio-8080-exec-8] o.s.security.web.FilterChainProxy        : Securing GET /vendor/bootstrap/js/bootstrap.min.js
2023-10-17T10:37:10.797+09:00 DEBUG 8232 --- [http-nio-8080-exec-3] o.s.security.web.FilterChainProxy        : Secured GET /vendor/bootstrap/css/bootstrap.min.css
2023-10-17T10:37:10.797+09:00 DEBUG 8232 --- [http-nio-8080-exec-8] o.s.security.web.FilterChainProxy        : Secured GET /vendor/bootstrap/js/bootstrap.min.js
2023-10-17T10:37:10.798+09:00 DEBUG 8232 --- [http-nio-8080-exec-4] o.s.security.web.FilterChainProxy        : Secured GET /vendor/metisMenu/metisMenu.min.css
2023-10-17T10:37:10.798+09:00 DEBUG 8232 --- [http-nio-8080-exec-10] o.s.security.web.FilterChainProxy        : Secured GET /vendor/font-awesome/css/font-awesome.min.css
2023-10-17T10:37:10.799+09:00 DEBUG 8232 --- [http-nio-8080-exec-5] o.s.security.web.FilterChainProxy        : Secured GET /dist/css/sb-admin-2.css
2023-10-17T10:37:10.799+09:00 DEBUG 8232 --- [http-nio-8080-exec-7] o.s.security.web.FilterChainProxy        : Secured GET /vendor/jquery/jquery.min.js
2023-10-17T10:37:10.809+09:00 DEBUG 8232 --- [http-nio-8080-exec-5] o.s.s.w.a.AnonymousAuthenticationFilter  : Set SecurityContextHolder to anonymous SecurityContext
2023-10-17T10:37:10.809+09:00 DEBUG 8232 --- [http-nio-8080-exec-8] o.s.s.w.a.AnonymousAuthenticationFilter  : Set SecurityContextHolder to anonymous SecurityContext
2023-10-17T10:37:10.809+09:00 DEBUG 8232 --- [http-nio-8080-exec-10] o.s.s.w.a.AnonymousAuthenticationFilter  : Set SecurityContextHolder to anonymous SecurityContext
2023-10-17T10:37:10.809+09:00 DEBUG 8232 --- [http-nio-8080-exec-4] o.s.s.w.a.AnonymousAuthenticationFilter  : Set SecurityContextHolder to anonymous SecurityContext
2023-10-17T10:37:10.809+09:00 DEBUG 8232 --- [http-nio-8080-exec-3] o.s.s.w.a.AnonymousAuthenticationFilter  : Set SecurityContextHolder to anonymous SecurityContext
2023-10-17T10:37:10.809+09:00 DEBUG 8232 --- [http-nio-8080-exec-7] o.s.s.w.a.AnonymousAuthenticationFilter  : Set SecurityContextHolder to anonymous SecurityContext
2023-10-17T10:37:10.812+09:00 DEBUG 8232 --- [http-nio-8080-exec-6] o.s.security.web.FilterChainProxy        : Securing GET /dist/js/sb-admin-2.js
2023-10-17T10:37:10.812+09:00 DEBUG 8232 --- [http-nio-8080-exec-9] o.s.security.web.FilterChainProxy        : Securing GET /vendor/metisMenu/metisMenu.min.js
2023-10-17T10:37:10.813+09:00 DEBUG 8232 --- [http-nio-8080-exec-9] o.s.security.web.FilterChainProxy        : Secured GET /vendor/metisMenu/metisMenu.min.js
2023-10-17T10:37:10.813+09:00 DEBUG 8232 --- [http-nio-8080-exec-6] o.s.security.web.FilterChainProxy        : Secured GET /dist/js/sb-admin-2.js
2023-10-17T10:37:10.815+09:00 DEBUG 8232 --- [http-nio-8080-exec-6] o.s.s.w.a.AnonymousAuthenticationFilter  : Set SecurityContextHolder to anonymous SecurityContext
2023-10-17T10:37:10.815+09:00 DEBUG 8232 --- [http-nio-8080-exec-9] o.s.s.w.a.AnonymousAuthenticationFilter  : Set SecurityContextHolder to anonymous SecurityContext
2023-10-17T10:38:05.755+09:00 DEBUG 8232 --- [http-nio-8080-exec-1] o.s.security.web.FilterChainProxy        : Securing POST /user/login
2023-10-17T10:38:05.994+09:00 DEBUG 8232 --- [http-nio-8080-exec-1] o.s.s.a.dao.DaoAuthenticationProvider    : Authenticated user
2023-10-17T10:38:05.995+09:00 DEBUG 8232 --- [http-nio-8080-exec-1] .s.ChangeSessionIdAuthenticationStrategy : Changed session id from 5474078C00A4E2B60079376630202CC0
2023-10-17T10:38:05.995+09:00 DEBUG 8232 --- [http-nio-8080-exec-1] w.c.HttpSessionSecurityContextRepository : Stored SecurityContextImpl [Authentication=UsernamePasswordAuthenticationToken [Principal=MyUserDetails(user=kr.co.sboard.entity.UserEntity@2941bf54), Credentials=[PROTECTED], Authenticated=true, Details=WebAuthenticationDetails [RemoteIpAddress=0:0:0:0:0:0:0:1, SessionId=5474078C00A4E2B60079376630202CC0], Granted Authorities=[ROLE_USER]]] to HttpSession [org.apache.catalina.session.StandardSessionFacade@138ea632]
2023-10-17T10:38:05.995+09:00 DEBUG 8232 --- [http-nio-8080-exec-1] w.a.UsernamePasswordAuthenticationFilter : Set SecurityContextHolder to UsernamePasswordAuthenticationToken [Principal=MyUserDetails(user=kr.co.sboard.entity.UserEntity@2941bf54), Credentials=[PROTECTED], Authenticated=true, Details=WebAuthenticationDetails [RemoteIpAddress=0:0:0:0:0:0:0:1, SessionId=5474078C00A4E2B60079376630202CC0], Granted Authorities=[ROLE_USER]]
2023-10-17T10:38:05.996+09:00 DEBUG 8232 --- [http-nio-8080-exec-1] o.s.s.web.DefaultRedirectStrategy        : Redirecting to /
2023-10-17T10:38:05.997+09:00 DEBUG 8232 --- [http-nio-8080-exec-2] o.s.security.web.FilterChainProxy        : Securing GET /
2023-10-17T10:38:05.998+09:00 DEBUG 8232 --- [http-nio-8080-exec-2] w.c.HttpSessionSecurityContextRepository : Retrieved SecurityContextImpl [Authentication=UsernamePasswordAuthenticationToken [Principal=MyUserDetails(user=kr.co.sboard.entity.UserEntity@2941bf54), Credentials=[PROTECTED], Authenticated=true, Details=WebAuthenticationDetails [RemoteIpAddress=0:0:0:0:0:0:0:1, SessionId=5474078C00A4E2B60079376630202CC0], Granted Authorities=[ROLE_USER]]]
2023-10-17T10:38:05.998+09:00 DEBUG 8232 --- [http-nio-8080-exec-2] o.s.security.web.FilterChainProxy        : Secured GET /
2023-10-17T10:38:06.002+09:00 DEBUG 8232 --- [http-nio-8080-exec-2] o.s.security.web.FilterChainProxy        : Securing GET /article/list
2023-10-17T10:38:06.003+09:00 DEBUG 8232 --- [http-nio-8080-exec-2] o.s.security.web.FilterChainProxy        : Secured GET /article/list
2023-10-17T10:38:06.090+09:00  INFO 8232 --- [http-nio-8080-exec-2] k.c.s.c.article.ArticleController        : pageResponseDTO pg : 1
2023-10-17T10:38:06.090+09:00  INFO 8232 --- [http-nio-8080-exec-2] k.c.s.c.article.ArticleController        : pageResponseDTO size : 10
2023-10-17T10:38:06.090+09:00  INFO 8232 --- [http-nio-8080-exec-2] k.c.s.c.article.ArticleController        : pageResponseDTO total : 3
2023-10-17T10:38:06.090+09:00  INFO 8232 --- [http-nio-8080-exec-2] k.c.s.c.article.ArticleController        : pageResponseDTO start : 1
2023-10-17T10:38:06.090+09:00  INFO 8232 --- [http-nio-8080-exec-2] k.c.s.c.article.ArticleController        : pageResponseDTO end : 1
2023-10-17T10:38:06.090+09:00  INFO 8232 --- [http-nio-8080-exec-2] k.c.s.c.article.ArticleController        : pageResponseDTO prev : false
2023-10-17T10:38:06.090+09:00  INFO 8232 --- [http-nio-8080-exec-2] k.c.s.c.article.ArticleController        : pageResponseDTO next : false
2023-10-17T10:38:06.250+09:00  WARN 8232 --- [http-nio-8080-exec-2] n.n.u.t.e.ExpressionProcessor            : Fragment expression "/index.html" is being wrapped as a Thymeleaf 3 fragment expression (~{...}) for backwards compatibility purposes.  This wrapping will be dropped in the next major version of the expression processor, so please rewrite as a Thymeleaf 3 fragment expression to future-proof your code.  See https://github.com/thymeleaf/thymeleaf/issues/451 for more information.
2023-10-17T10:38:06.351+09:00 DEBUG 8232 --- [http-nio-8080-exec-5] o.s.security.web.FilterChainProxy        : Securing GET /vendor/font-awesome/css/font-awesome.min.css
2023-10-17T10:38:06.351+09:00 DEBUG 8232 --- [http-nio-8080-exec-8] o.s.security.web.FilterChainProxy        : Securing GET /vendor/metisMenu/metisMenu.min.css
2023-10-17T10:38:06.351+09:00 DEBUG 8232 --- [http-nio-8080-exec-10] o.s.security.web.FilterChainProxy        : Securing GET /vendor/bootstrap/css/bootstrap.min.css
2023-10-17T10:38:06.351+09:00 DEBUG 8232 --- [http-nio-8080-exec-3] o.s.security.web.FilterChainProxy        : Securing GET /dist/css/sb-admin-2.css
2023-10-17T10:38:06.352+09:00 DEBUG 8232 --- [http-nio-8080-exec-10] o.s.security.web.FilterChainProxy        : Secured GET /vendor/bootstrap/css/bootstrap.min.css
2023-10-17T10:38:06.352+09:00 DEBUG 8232 --- [http-nio-8080-exec-8] o.s.security.web.FilterChainProxy        : Secured GET /vendor/metisMenu/metisMenu.min.css
2023-10-17T10:38:06.352+09:00 DEBUG 8232 --- [http-nio-8080-exec-5] o.s.security.web.FilterChainProxy        : Secured GET /vendor/font-awesome/css/font-awesome.min.css
2023-10-17T10:38:06.352+09:00 DEBUG 8232 --- [http-nio-8080-exec-3] o.s.security.web.FilterChainProxy        : Secured GET /dist/css/sb-admin-2.css
2023-10-17T10:38:06.354+09:00 DEBUG 8232 --- [http-nio-8080-exec-8] w.c.HttpSessionSecurityContextRepository : Retrieved SecurityContextImpl [Authentication=UsernamePasswordAuthenticationToken [Principal=MyUserDetails(user=kr.co.sboard.entity.UserEntity@2941bf54), Credentials=[PROTECTED], Authenticated=true, Details=WebAuthenticationDetails [RemoteIpAddress=0:0:0:0:0:0:0:1, SessionId=5474078C00A4E2B60079376630202CC0], Granted Authorities=[ROLE_USER]]]
2023-10-17T10:38:06.355+09:00 DEBUG 8232 --- [http-nio-8080-exec-5] w.c.HttpSessionSecurityContextRepository : Retrieved SecurityContextImpl [Authentication=UsernamePasswordAuthenticationToken [Principal=MyUserDetails(user=kr.co.sboard.entity.UserEntity@2941bf54), Credentials=[PROTECTED], Authenticated=true, Details=WebAuthenticationDetails [RemoteIpAddress=0:0:0:0:0:0:0:1, SessionId=5474078C00A4E2B60079376630202CC0], Granted Authorities=[ROLE_USER]]]
2023-10-17T10:38:06.355+09:00 DEBUG 8232 --- [http-nio-8080-exec-10] w.c.HttpSessionSecurityContextRepository : Retrieved SecurityContextImpl [Authentication=UsernamePasswordAuthenticationToken [Principal=MyUserDetails(user=kr.co.sboard.entity.UserEntity@2941bf54), Credentials=[PROTECTED], Authenticated=true, Details=WebAuthenticationDetails [RemoteIpAddress=0:0:0:0:0:0:0:1, SessionId=5474078C00A4E2B60079376630202CC0], Granted Authorities=[ROLE_USER]]]
2023-10-17T10:38:06.355+09:00 DEBUG 8232 --- [http-nio-8080-exec-3] w.c.HttpSessionSecurityContextRepository : Retrieved SecurityContextImpl [Authentication=UsernamePasswordAuthenticationToken [Principal=MyUserDetails(user=kr.co.sboard.entity.UserEntity@2941bf54), Credentials=[PROTECTED], Authenticated=true, Details=WebAuthenticationDetails [RemoteIpAddress=0:0:0:0:0:0:0:1, SessionId=5474078C00A4E2B60079376630202CC0], Granted Authorities=[ROLE_USER]]]
2023-10-17T10:38:06.363+09:00 DEBUG 8232 --- [http-nio-8080-exec-7] o.s.security.web.FilterChainProxy        : Securing GET /vendor/font-awesome/fonts/fontawesome-webfont.woff2?v=4.6.3
2023-10-17T10:38:06.366+09:00 DEBUG 8232 --- [http-nio-8080-exec-7] o.s.security.web.FilterChainProxy        : Secured GET /vendor/font-awesome/fonts/fontawesome-webfont.woff2?v=4.6.3
2023-10-17T10:38:06.369+09:00 DEBUG 8232 --- [http-nio-8080-exec-7] w.c.HttpSessionSecurityContextRepository : Retrieved SecurityContextImpl [Authentication=UsernamePasswordAuthenticationToken [Principal=MyUserDetails(user=kr.co.sboard.entity.UserEntity@2941bf54), Credentials=[PROTECTED], Authenticated=true, Details=WebAuthenticationDetails [RemoteIpAddress=0:0:0:0:0:0:0:1, SessionId=5474078C00A4E2B60079376630202CC0], Granted Authorities=[ROLE_USER]]]
2023-10-17T10:38:06.385+09:00 DEBUG 8232 --- [http-nio-8080-exec-4] o.s.security.web.FilterChainProxy        : Securing GET /vendor/jquery/jquery.min.js
2023-10-17T10:38:06.385+09:00 DEBUG 8232 --- [http-nio-8080-exec-9] o.s.security.web.FilterChainProxy        : Securing GET /vendor/bootstrap/js/bootstrap.min.js
2023-10-17T10:38:06.385+09:00 DEBUG 8232 --- [http-nio-8080-exec-1] o.s.security.web.FilterChainProxy        : Securing GET /dist/js/sb-admin-2.js
2023-10-17T10:38:06.386+09:00 DEBUG 8232 --- [http-nio-8080-exec-6] o.s.security.web.FilterChainProxy        : Securing GET /vendor/metisMenu/metisMenu.min.js
2023-10-17T10:38:06.390+09:00 DEBUG 8232 --- [http-nio-8080-exec-9] o.s.security.web.FilterChainProxy        : Secured GET /vendor/bootstrap/js/bootstrap.min.js
2023-10-17T10:38:06.390+09:00 DEBUG 8232 --- [http-nio-8080-exec-1] o.s.security.web.FilterChainProxy        : Secured GET /dist/js/sb-admin-2.js
2023-10-17T10:38:06.390+09:00 DEBUG 8232 --- [http-nio-8080-exec-6] o.s.security.web.FilterChainProxy        : Secured GET /vendor/metisMenu/metisMenu.min.js
2023-10-17T10:38:06.390+09:00 DEBUG 8232 --- [http-nio-8080-exec-4] o.s.security.web.FilterChainProxy        : Secured GET /vendor/jquery/jquery.min.js
2023-10-17T10:38:06.392+09:00 DEBUG 8232 --- [http-nio-8080-exec-1] w.c.HttpSessionSecurityContextRepository : Retrieved SecurityContextImpl [Authentication=UsernamePasswordAuthenticationToken [Principal=MyUserDetails(user=kr.co.sboard.entity.UserEntity@2941bf54), Credentials=[PROTECTED], Authenticated=true, Details=WebAuthenticationDetails [RemoteIpAddress=0:0:0:0:0:0:0:1, SessionId=5474078C00A4E2B60079376630202CC0], Granted Authorities=[ROLE_USER]]]
2023-10-17T10:38:06.392+09:00 DEBUG 8232 --- [http-nio-8080-exec-4] w.c.HttpSessionSecurityContextRepository : Retrieved SecurityContextImpl [Authentication=UsernamePasswordAuthenticationToken [Principal=MyUserDetails(user=kr.co.sboard.entity.UserEntity@2941bf54), Credentials=[PROTECTED], Authenticated=true, Details=WebAuthenticationDetails [RemoteIpAddress=0:0:0:0:0:0:0:1, SessionId=5474078C00A4E2B60079376630202CC0], Granted Authorities=[ROLE_USER]]]
2023-10-17T10:38:06.392+09:00 DEBUG 8232 --- [http-nio-8080-exec-9] w.c.HttpSessionSecurityContextRepository : Retrieved SecurityContextImpl [Authentication=UsernamePasswordAuthenticationToken [Principal=MyUserDetails(user=kr.co.sboard.entity.UserEntity@2941bf54), Credentials=[PROTECTED], Authenticated=true, Details=WebAuthenticationDetails [RemoteIpAddress=0:0:0:0:0:0:0:1, SessionId=5474078C00A4E2B60079376630202CC0], Granted Authorities=[ROLE_USER]]]
2023-10-17T10:38:06.392+09:00 DEBUG 8232 --- [http-nio-8080-exec-6] w.c.HttpSessionSecurityContextRepository : Retrieved SecurityContextImpl [Authentication=UsernamePasswordAuthenticationToken [Principal=MyUserDetails(user=kr.co.sboard.entity.UserEntity@2941bf54), Credentials=[PROTECTED], Authenticated=true, Details=WebAuthenticationDetails [RemoteIpAddress=0:0:0:0:0:0:0:1, SessionId=5474078C00A4E2B60079376630202CC0], Granted Authorities=[ROLE_USER]]]
